<?xml version="1.0" encoding="UTF-8"?>
<testng-results ignored="0" total="5" passed="4" failed="1" skipped="0">
  <reporter-output>
  </reporter-output>
  <suite started-at="2026-05-14T00:12:13 IST" name="Suite" finished-at="2026-05-14T00:13:10 IST" duration-ms="56472">
    <groups>
      <group name="smoke">
        <method signature="ViewTest.viewProduct()[pri:0, instance:ecommerce.ViewTest@4d1c00d0]" name="viewProduct" class="ecommerce.ViewTest"/>
      </group> <!-- smoke -->
    </groups>
    <test started-at="2026-05-14T00:12:13 IST" name="Test" finished-at="2026-05-14T00:13:10 IST" duration-ms="56472">
      <class name="ecommerce.OrderTest">
        <test-method is-config="true" signature="setup(java.lang.reflect.Method)[pri:0, instance:ecommerce.OrderTest@6c6cb480]" started-at="2026-05-14T00:12:14 IST" name="setup" finished-at="2026-05-14T00:12:56 IST" duration-ms="42708" status="PASS">
          <params>
            <param index="0">
              <value>
                <![CDATA[public void ecommerce.OrderTest.order()]]>
              </value>
            </param>
          </params>
          <reporter-output>
          </reporter-output>
        </test-method> <!-- setup -->
        <test-method signature="order()[pri:0, instance:ecommerce.OrderTest@6c6cb480]" started-at="2026-05-14T00:12:56 IST" name="order" finished-at="2026-05-14T00:13:05 IST" duration-ms="8316" status="PASS">
          <reporter-output>
          </reporter-output>
        </test-method> <!-- order -->
        <test-method is-config="true" signature="tearDown(org.testng.ITestResult)[pri:0, instance:ecommerce.OrderTest@6c6cb480]" started-at="2026-05-14T00:13:05 IST" name="tearDown" finished-at="2026-05-14T00:13:10 IST" duration-ms="5248" status="PASS">
          <params>
            <param index="0">
              <value>
                <![CDATA[[TestResult name=order status=SUCCESS method=OrderTest.order()[pri:0, instance:ecommerce.OrderTest@6c6cb480] output={null}]]]>
              </value>
            </param>
          </params>
          <reporter-output>
          </reporter-output>
        </test-method> <!-- tearDown -->
      </class> <!-- ecommerce.OrderTest -->
      <class name="ecommerce.CartTest">
        <test-method is-config="true" signature="setup(java.lang.reflect.Method)[pri:0, instance:ecommerce.CartTest@79079097]" started-at="2026-05-14T00:12:14 IST" name="setup" finished-at="2026-05-14T00:12:59 IST" duration-ms="45508" status="PASS">
          <params>
            <param index="0">
              <value>
                <![CDATA[public void ecommerce.CartTest.cart()]]>
              </value>
            </param>
          </params>
          <reporter-output>
          </reporter-output>
        </test-method> <!-- setup -->
        <test-method signature="cart()[pri:0, instance:ecommerce.CartTest@79079097]" started-at="2026-05-14T00:12:59 IST" name="cart" finished-at="2026-05-14T00:13:03 IST" duration-ms="4224" status="PASS">
          <reporter-output>
          </reporter-output>
        </test-method> <!-- cart -->
        <test-method is-config="true" signature="tearDown(org.testng.ITestResult)[pri:0, instance:ecommerce.CartTest@79079097]" started-at="2026-05-14T00:13:03 IST" name="tearDown" finished-at="2026-05-14T00:13:09 IST" duration-ms="5640" status="PASS">
          <params>
            <param index="0">
              <value>
                <![CDATA[[TestResult name=cart status=SUCCESS method=CartTest.cart()[pri:0, instance:ecommerce.CartTest@79079097] output={null}]]]>
              </value>
            </param>
          </params>
          <reporter-output>
          </reporter-output>
        </test-method> <!-- tearDown -->
      </class> <!-- ecommerce.CartTest -->
      <class name="ecommerce.ViewTest">
        <test-method is-config="true" signature="setup(java.lang.reflect.Method)[pri:0, instance:ecommerce.ViewTest@4d1c00d0]" started-at="2026-05-14T00:12:14 IST" name="setup" finished-at="2026-05-14T00:12:57 IST" duration-ms="43604" status="PASS">
          <params>
            <param index="0">
              <value>
                <![CDATA[public void ecommerce.ViewTest.viewProduct()]]>
              </value>
            </param>
          </params>
          <reporter-output>
          </reporter-output>
        </test-method> <!-- setup -->
        <test-method signature="viewProduct()[pri:0, instance:ecommerce.ViewTest@4d1c00d0]" started-at="2026-05-14T00:12:57 IST" name="viewProduct" finished-at="2026-05-14T00:13:02 IST" duration-ms="4628" status="PASS">
          <reporter-output>
          </reporter-output>
        </test-method> <!-- viewProduct -->
        <test-method is-config="true" signature="tearDown(org.testng.ITestResult)[pri:0, instance:ecommerce.ViewTest@4d1c00d0]" started-at="2026-05-14T00:13:02 IST" name="tearDown" finished-at="2026-05-14T00:13:09 IST" duration-ms="7607" status="PASS">
          <params>
            <param index="0">
              <value>
                <![CDATA[[TestResult name=viewProduct status=SUCCESS method=ViewTest.viewProduct()[pri:0, instance:ecommerce.ViewTest@4d1c00d0] output={null}]]]>
              </value>
            </param>
          </params>
          <reporter-output>
          </reporter-output>
        </test-method> <!-- tearDown -->
      </class> <!-- ecommerce.ViewTest -->
      <class name="ecommerce.AddtocartTest">
        <test-method is-config="true" signature="setup(java.lang.reflect.Method)[pri:0, instance:ecommerce.AddtocartTest@3bf7ca37]" started-at="2026-05-14T00:12:14 IST" name="setup" finished-at="2026-05-14T00:12:57 IST" duration-ms="43589" status="PASS">
          <params>
            <param index="0">
              <value>
                <![CDATA[public void ecommerce.AddtocartTest.addcartproduct()]]>
              </value>
            </param>
          </params>
          <reporter-output>
          </reporter-output>
        </test-method> <!-- setup -->
        <test-method signature="addcartproduct()[pri:0, instance:ecommerce.AddtocartTest@3bf7ca37]" started-at="2026-05-14T00:12:57 IST" name="addcartproduct" finished-at="2026-05-14T00:13:02 IST" duration-ms="5111" status="PASS">
          <reporter-output>
          </reporter-output>
        </test-method> <!-- addcartproduct -->
        <test-method is-config="true" signature="tearDown(org.testng.ITestResult)[pri:0, instance:ecommerce.AddtocartTest@3bf7ca37]" started-at="2026-05-14T00:13:02 IST" name="tearDown" finished-at="2026-05-14T00:13:10 IST" duration-ms="7228" status="PASS">
          <params>
            <param index="0">
              <value>
                <![CDATA[[TestResult name=addcartproduct status=SUCCESS method=AddtocartTest.addcartproduct()[pri:0, instance:ecommerce.AddtocartTest@3bf7ca37] output={null}]]]>
              </value>
            </param>
          </params>
          <reporter-output>
          </reporter-output>
        </test-method> <!-- tearDown -->
      </class> <!-- ecommerce.AddtocartTest -->
      <class name="ecommerce.ViewOrderTest">
        <test-method is-config="true" signature="setup(java.lang.reflect.Method)[pri:0, instance:ecommerce.ViewOrderTest@3c9754d8]" started-at="2026-05-14T00:12:14 IST" name="setup" finished-at="2026-05-14T00:12:59 IST" duration-ms="45505" status="PASS">
          <params>
            <param index="0">
              <value>
                <![CDATA[public void ecommerce.ViewOrderTest.view()]]>
              </value>
            </param>
          </params>
          <reporter-output>
          </reporter-output>
        </test-method> <!-- setup -->
        <test-method signature="view()[pri:0, instance:ecommerce.ViewOrderTest@3c9754d8]" started-at="2026-05-14T00:12:59 IST" name="view" finished-at="2026-05-14T00:13:08 IST" duration-ms="8781" status="FAIL">
          <exception class="org.openqa.selenium.InvalidSelectorException">
            <message>
              <![CDATA[invalid selector: An invalid or illegal selector was specified
  (Session info: chrome=148.0.7778.97)
For documentation on this error, please visit: https://www.selenium.dev/documentation/webdriver/troubleshooting/errors#invalid-selector-exception
Build info: version: '4.18.1', revision: 'b1d3319b48'
System info: os.name: 'Windows 11', os.arch: 'amd64', os.version: '10.0', java.version: '21.0.8'
Driver info: org.openqa.selenium.chrome.ChromeDriver
Command: [48e60b5b8028ffaf85b839d3e26338bf, findElement {value=.btn.-teal'], using=css selector}]
Capabilities {acceptInsecureCerts: false, browserName: chrome, browserVersion: 148.0.7778.97, chrome: {chromedriverVersion: 148.0.7778.167 (65db666ac2c..., userDataDir: C:\Users\Admin\AppData\Loca...}, fedcm:accounts: true, goog:chromeOptions: {debuggerAddress: localhost:59497}, goog:processID: 3340, networkConnectionEnabled: false, pageLoadStrategy: normal, platformName: windows, proxy: Proxy(), se:cdp: ws://localhost:59497/devtoo..., se:cdpVersion: 148.0.7778.97, setWindowRect: true, strictFileInteractability: false, timeouts: {implicit: 0, pageLoad: 300000, script: 30000}, unhandledPromptBehavior: dismiss and notify, webauthn:extension:credBlob: true, webauthn:extension:largeBlob: true, webauthn:extension:minPinLength: true, webauthn:extension:prf: true, webauthn:virtualAuthenticators: true}
Session ID: 48e60b5b8028ffaf85b839d3e26338bf]]>
            </message>
            <full-stacktrace>
              <![CDATA[org.openqa.selenium.InvalidSelectorException: invalid selector: An invalid or illegal selector was specified
  (Session info: chrome=148.0.7778.97)
For documentation on this error, please visit: https://www.selenium.dev/documentation/webdriver/troubleshooting/errors#invalid-selector-exception
Build info: version: '4.18.1', revision: 'b1d3319b48'
System info: os.name: 'Windows 11', os.arch: 'amd64', os.version: '10.0', java.version: '21.0.8'
Driver info: org.openqa.selenium.chrome.ChromeDriver
Command: [48e60b5b8028ffaf85b839d3e26338bf, findElement {value=.btn.-teal'], using=css selector}]
Capabilities {acceptInsecureCerts: false, browserName: chrome, browserVersion: 148.0.7778.97, chrome: {chromedriverVersion: 148.0.7778.167 (65db666ac2c..., userDataDir: C:\Users\Admin\AppData\Loca...}, fedcm:accounts: true, goog:chromeOptions: {debuggerAddress: localhost:59497}, goog:processID: 3340, networkConnectionEnabled: false, pageLoadStrategy: normal, platformName: windows, proxy: Proxy(), se:cdp: ws://localhost:59497/devtoo..., se:cdpVersion: 148.0.7778.97, setWindowRect: true, strictFileInteractability: false, timeouts: {implicit: 0, pageLoad: 300000, script: 30000}, unhandledPromptBehavior: dismiss and notify, webauthn:extension:credBlob: true, webauthn:extension:largeBlob: true, webauthn:extension:minPinLength: true, webauthn:extension:prf: true, webauthn:virtualAuthenticators: true}
Session ID: 48e60b5b8028ffaf85b839d3e26338bf
at java.base/jdk.internal.reflect.DirectConstructorHandleAccessor.newInstance(DirectConstructorHandleAccessor.java:62)
at java.base/java.lang.reflect.Constructor.newInstanceWithCaller(Constructor.java:502)
at java.base/java.lang.reflect.Constructor.newInstance(Constructor.java:486)
at org.openqa.selenium.remote.ErrorCodec.decode(ErrorCodec.java:167)
at org.openqa.selenium.remote.codec.w3c.W3CHttpResponseCodec.decode(W3CHttpResponseCodec.java:138)
at org.openqa.selenium.remote.codec.w3c.W3CHttpResponseCodec.decode(W3CHttpResponseCodec.java:50)
at org.openqa.selenium.remote.HttpCommandExecutor.execute(HttpCommandExecutor.java:190)
at org.openqa.selenium.remote.service.DriverCommandExecutor.invokeExecute(DriverCommandExecutor.java:216)
at org.openqa.selenium.remote.service.DriverCommandExecutor.execute(DriverCommandExecutor.java:174)
at org.openqa.selenium.remote.RemoteWebDriver.execute(RemoteWebDriver.java:519)
at org.openqa.selenium.remote.ElementLocation$ElementFinder$2.findElement(ElementLocation.java:165)
at org.openqa.selenium.remote.ElementLocation.findElement(ElementLocation.java:59)
at org.openqa.selenium.remote.RemoteWebDriver.findElement(RemoteWebDriver.java:356)
at org.openqa.selenium.remote.RemoteWebDriver.findElement(RemoteWebDriver.java:350)
at org.openqa.selenium.support.ui.ExpectedConditions$7.apply(ExpectedConditions.java:194)
at org.openqa.selenium.support.ui.ExpectedConditions$7.apply(ExpectedConditions.java:190)
at org.openqa.selenium.support.ui.ExpectedConditions$22.apply(ExpectedConditions.java:627)
at org.openqa.selenium.support.ui.ExpectedConditions$22.apply(ExpectedConditions.java:624)
at org.openqa.selenium.support.ui.FluentWait.until(FluentWait.java:203)
at utils.WaitUtils.waitForElementClickable(WaitUtils.java:28)
at pages.ViewOrderPage.goToOrdersPage(ViewOrderPage.java:21)
at ecommerce.ViewOrderTest.view(ViewOrderTest.java:17)
at java.base/jdk.internal.reflect.DirectMethodHandleAccessor.invoke(DirectMethodHandleAccessor.java:103)
at java.base/java.lang.reflect.Method.invoke(Method.java:580)
at org.testng.internal.invokers.MethodInvocationHelper.invokeMethod(MethodInvocationHelper.java:141)
at org.testng.internal.invokers.TestInvoker.invokeMethod(TestInvoker.java:687)
at org.testng.internal.invokers.TestInvoker.invokeTestMethod(TestInvoker.java:230)
at org.testng.internal.invokers.MethodRunner.runInSequence(MethodRunner.java:63)
at org.testng.internal.invokers.TestInvoker$MethodInvocationAgent.invoke(TestInvoker.java:995)
at org.testng.internal.invokers.TestInvoker.invokeTestMethods(TestInvoker.java:203)
at org.testng.internal.invokers.TestMethodWorker.invokeTestMethods(TestMethodWorker.java:154)
at org.testng.internal.invokers.TestMethodWorker.run(TestMethodWorker.java:134)
at java.base/java.util.concurrent.Executors$RunnableAdapter.call(Executors.java:572)
at java.base/java.util.concurrent.FutureTask.run(FutureTask.java:317)
at org.testng.internal.thread.graph.TestNGFutureTask.run(TestNGFutureTask.java:22)
at java.base/java.util.concurrent.ThreadPoolExecutor.runWorker(ThreadPoolExecutor.java:1144)
at java.base/java.util.concurrent.ThreadPoolExecutor$Worker.run(ThreadPoolExecutor.java:642)
at java.base/java.lang.Thread.run(Thread.java:1583)
]]>
            </full-stacktrace>
          </exception> <!-- org.openqa.selenium.InvalidSelectorException -->
          <reporter-output>
          </reporter-output>
        </test-method> <!-- view -->
        <test-method is-config="true" signature="tearDown(org.testng.ITestResult)[pri:0, instance:ecommerce.ViewOrderTest@3c9754d8]" started-at="2026-05-14T00:13:08 IST" name="tearDown" finished-at="2026-05-14T00:13:10 IST" duration-ms="1998" status="PASS">
          <params>
            <param index="0">
              <value>
                <![CDATA[[TestResult name=view status=FAILURE method=ViewOrderTest.view()[pri:0, instance:ecommerce.ViewOrderTest@3c9754d8] output={null}]]]>
              </value>
            </param>
          </params>
          <reporter-output>
          </reporter-output>
        </test-method> <!-- tearDown -->
      </class> <!-- ecommerce.ViewOrderTest -->
    </test> <!-- Test -->
  </suite> <!-- Suite -->
</testng-results>
